# JRE version: Java(TM) SE Runtime Environment (8.0_144-b01) (build 1.8.0_144-b01)
# Java VM: Java HotSpot(TM) 64-Bit Server VM (25.144-b01 mixed mode windows-amd64 compressed oops)
Heap:
 PSYoungGen      total 90112K, used 90110K [0x00000000e0000000, 0x00000000e6900000, 0x0000000100000000)
  eden space 79360K, 100% used [0x00000000e0000000,0x00000000e4d80000,0x00000000e4d80000)
  from space 10752K, 99% used [0x00000000e5a00000,0x00000000e647fa20,0x00000000e6480000)
  to   space 12800K, 0% used [0x00000000e4d80000,0x00000000e4d80000,0x00000000e5a00000)
 ParOldGen       total 102912K, used 17618K [0x00000000a0000000, 0x00000000a6480000, 0x00000000e0000000)
  object space 102912K, 17% used [0x00000000a0000000,0x00000000a1134b20,0x00000000a6480000)
 Metaspace       used 51534K, capacity 53054K, committed 53120K, reserved 1095680K
  class space    used 7123K, capacity 7550K, committed 7552K, reserved 1048576K
GC Heap History (10 events):
Event: 16.559 GC heap before
{Heap before GC invocations=10 (full 1):
 PSYoungGen      total 57344K, used 52958K [0x00000000e0000000, 0x00000000e4700000, 0x0000000100000000)
  eden space 47104K, 100% used [0x00000000e0000000,0x00000000e2e00000,0x00000000e2e00000)
  from space 10240K, 57% used [0x00000000e3780000,0x00000000e3d37948,0x00000000e4180000)
  to   space 9728K, 0% used [0x00000000e2e00000,0x00000000e2e00000,0x00000000e3780000)
 ParOldGen       total 67584K, used 8356K [0x00000000a0000000, 0x00000000a4200000, 0x00000000e0000000)
  object space 67584K, 12% used [0x00000000a0000000,0x00000000a08292a8,0x00000000a4200000)
 Metaspace       used 31293K, capacity 31914K, committed 32128K, reserved 1077248K
  class space    used 4475K, capacity 4660K, committed 4736K, reserved 1048576K
Event: 16.568 GC heap after
Heap after GC invocations=10 (full 1):
 PSYoungGen      total 56832K, used 9109K [0x00000000e0000000, 0x00000000e5380000, 0x0000000100000000)
  eden space 47104K, 0% used [0x00000000e0000000,0x00000000e0000000,0x00000000e2e00000)
  from space 9728K, 93% used [0x00000000e2e00000,0x00000000e36e5688,0x00000000e3780000)
  to   space 10752K, 0% used [0x00000000e4900000,0x00000000e4900000,0x00000000e5380000)
 ParOldGen       total 67584K, used 8364K [0x00000000a0000000, 0x00000000a4200000, 0x00000000e0000000)
  object space 67584K, 12% used [0x00000000a0000000,0x00000000a082b2a8,0x00000000a4200000)
 Metaspace       used 31293K, capacity 31914K, committed 32128K, reserved 1077248K
  class space    used 4475K, capacity 4660K, committed 4736K, reserved 1048576K
}
Event: 17.332 GC heap before
{Heap before GC invocations=11 (full 1):
 PSYoungGen      total 56832K, used 25007K [0x00000000e0000000, 0x00000000e5380000, 0x0000000100000000)
  eden space 47104K, 33% used [0x00000000e0000000,0x00000000e0f865a8,0x00000000e2e00000)
  from space 9728K, 93% used [0x00000000e2e00000,0x00000000e36e5688,0x00000000e3780000)
  to   space 10752K, 0% used [0x00000000e4900000,0x00000000e4900000,0x00000000e5380000)
 ParOldGen       total 67584K, used 8364K [0x00000000a0000000, 0x00000000a4200000, 0x00000000e0000000)
  object space 67584K, 12% used [0x00000000a0000000,0x00000000a082b2a8,0x00000000a4200000)
 Metaspace       used 34710K, capacity 35388K, committed 35496K, reserved 1079296K
  class space    used 4916K, capacity 5116K, committed 5120K, reserved 1048576K
Event: 17.341 GC heap after
Heap after GC invocations=11 (full 1):
 PSYoungGen      total 74240K, used 9028K [0x00000000e0000000, 0x00000000e5480000, 0x0000000100000000)
  eden space 63488K, 0% used [0x00000000e0000000,0x00000000e0000000,0x00000000e3e00000)
  from space 10752K, 83% used [0x00000000e4900000,0x00000000e51d1008,0x00000000e5380000)
  to   space 11264K, 0% used [0x00000000e3e00000,0x00000000e3e00000,0x00000000e4900000)
 ParOldGen       total 67584K, used 8372K [0x00000000a0000000, 0x00000000a4200000, 0x00000000e0000000)
  object space 67584K, 12% used [0x00000000a0000000,0x00000000a082d2a8,0x00000000a4200000)
 Metaspace       used 34710K, capacity 35388K, committed 35496K, reserved 1079296K
  class space    used 4916K, capacity 5116K, committed 5120K, reserved 1048576K
}
Event: 17.341 GC heap before
{Heap before GC invocations=12 (full 2):
 PSYoungGen      total 74240K, used 9028K [0x00000000e0000000, 0x00000000e5480000, 0x0000000100000000)
  eden space 63488K, 0% used [0x00000000e0000000,0x00000000e0000000,0x00000000e3e00000)
  from space 10752K, 83% used [0x00000000e4900000,0x00000000e51d1008,0x00000000e5380000)
  to   space 11264K, 0% used [0x00000000e3e00000,0x00000000e3e00000,0x00000000e4900000)
 ParOldGen       total 67584K, used 8372K [0x00000000a0000000, 0x00000000a4200000, 0x00000000e0000000)
  object space 67584K, 12% used [0x00000000a0000000,0x00000000a082d2a8,0x00000000a4200000)
 Metaspace       used 34710K, capacity 35388K, committed 35496K, reserved 1079296K
  class space    used 4916K, capacity 5116K, committed 5120K, reserved 1048576K
Event: 17.423 GC heap after
Heap after GC invocations=12 (full 2):
 PSYoungGen      total 74240K, used 0K [0x00000000e0000000, 0x00000000e5480000, 0x0000000100000000)
  eden space 63488K, 0% used [0x00000000e0000000,0x00000000e0000000,0x00000000e3e00000)
  from space 10752K, 0% used [0x00000000e4900000,0x00000000e4900000,0x00000000e5380000)
  to   space 11264K, 0% used [0x00000000e3e00000,0x00000000e3e00000,0x00000000e4900000)
 ParOldGen       total 102912K, used 15604K [0x00000000a0000000, 0x00000000a6480000, 0x00000000e0000000)
  object space 102912K, 15% used [0x00000000a0000000,0x00000000a0f3d298,0x00000000a6480000)
 Metaspace       used 34710K, capacity 35388K, committed 35496K, reserved 1079296K
  class space    used 4916K, capacity 5116K, committed 5120K, reserved 1048576K
}
Event: 18.547 GC heap before
{Heap before GC invocations=13 (full 2):
 PSYoungGen      total 74240K, used 63488K [0x00000000e0000000, 0x00000000e5480000, 0x0000000100000000)
  eden space 63488K, 100% used [0x00000000e0000000,0x00000000e3e00000,0x00000000e3e00000)
  from space 10752K, 0% used [0x00000000e4900000,0x00000000e4900000,0x00000000e5380000)
  to   space 11264K, 0% used [0x00000000e3e00000,0x00000000e3e00000,0x00000000e4900000)
 ParOldGen       total 102912K, used 15604K [0x00000000a0000000, 0x00000000a6480000, 0x00000000e0000000)
  object space 102912K, 15% used [0x00000000a0000000,0x00000000a0f3d298,0x00000000a6480000)
 Metaspace       used 38613K, capacity 39394K, committed 39680K, reserved 1083392K
  class space    used 5384K, capacity 5619K, committed 5632K, reserved 1048576K
Event: 18.555 GC heap after
Heap after GC invocations=13 (full 2):
 PSYoungGen      total 74752K, used 6751K [0x00000000e0000000, 0x00000000e6480000, 0x0000000100000000)
  eden space 63488K, 0% used [0x00000000e0000000,0x00000000e0000000,0x00000000e3e00000)
  from space 11264K, 59% used [0x00000000e3e00000,0x00000000e4497c88,0x00000000e4900000)
  to   space 10752K, 0% used [0x00000000e5a00000,0x00000000e5a00000,0x00000000e6480000)
 ParOldGen       total 102912K, used 15612K [0x00000000a0000000, 0x00000000a6480000, 0x00000000e0000000)
  object space 102912K, 15% used [0x00000000a0000000,0x00000000a0f3f298,0x00000000a6480000)
 Metaspace       used 38613K, capacity 39394K, committed 39680K, reserved 1083392K
  class space    used 5384K, capacity 5619K, committed 5632K, reserved 1048576K
}
Event: 20.146 GC heap before
{Heap before GC invocations=14 (full 2):
 PSYoungGen      total 74752K, used 70239K [0x00000000e0000000, 0x00000000e6480000, 0x0000000100000000)
  eden space 63488K, 100% used [0x00000000e0000000,0x00000000e3e00000,0x00000000e3e00000)
  from space 11264K, 59% used [0x00000000e3e00000,0x00000000e4497c88,0x00000000e4900000)
  to   space 10752K, 0% used [0x00000000e5a00000,0x00000000e5a00000,0x00000000e6480000)
 ParOldGen       total 102912K, used 15612K [0x00000000a0000000, 0x00000000a6480000, 0x00000000e0000000)
  object space 102912K, 15% used [0x00000000a0000000,0x00000000a0f3f298,0x00000000a6480000)
 Metaspace       used 42836K, capacity 43718K, committed 43904K, reserved 1087488K
  class space    used 5930K, capacity 6194K, committed 6272K, reserved 1048576K
Event: 20.166 GC heap after
Heap after GC invocations=14 (full 2):
 PSYoungGen      total 90112K, used 10750K [0x00000000e0000000, 0x00000000e6900000, 0x0000000100000000)
  eden space 79360K, 0% used [0x00000000e0000000,0x00000000e0000000,0x00000000e4d80000)
  from space 10752K, 99% used [0x00000000e5a00000,0x00000000e647fa20,0x00000000e6480000)
  to   space 12800K, 0% used [0x00000000e4d80000,0x00000000e4d80000,0x00000000e5a00000)
 ParOldGen       total 102912K, used 17618K [0x00000000a0000000, 0x00000000a6480000, 0x00000000e0000000)
  object space 102912K, 17% used [0x00000000a0000000,0x00000000a1134b20,0x00000000a6480000)
 Metaspace       used 42836K, capacity 43718K, committed 43904K, reserved 1087488K
  class space    used 5930K, capacity 6194K, committed 6272K, reserved 1048576K
}

